2023年 01月 13日 星期五 10:42:09 CST start
分词检查包括分词格式检查、命令词多输出、命令词垃圾词混用和命令词回溯
分词格式检查中有ERROR时，请修改，否则无法正常生成语言模型
一、分词格式检查
line 2 :NOTICE  <col3 cmmand word is different with col4>
line 4 :NOTICE  <col3 cmmand word is different with col4>
line 10 :NOTICE  <col3 cmmand word is different with col4>
line 42 :NOTICE  <col3 cmmand word is different with col4>
line 43 :NOTICE  <col3 cmmand word is different with col4>
line 50 :NOTICE  <col3 cmmand word is different with col4>
>>>>>>>>>>>>>>>

二、有多个输出的词
三、命令词错用为垃圾词
四、没有结束节点的词
五、所有节点回溯的命令词
(以#为垃圾词，以%为没结束的词，其他为命令词)
(第一列为输入，第二列为输出)
退出添加 退出添加
推出添加 退出添加
下干键 下个按键
伊丽莎白 伊丽莎白
下个按键 下个按键
格力空调 格力空调
格力空条 格力空调
美的空调 美的空调
美的空条 美的空调
美帝空调 美的空调
美帝空条 美的空调
奥克斯空调 奥克斯空调
奥克斯空条 奥克斯空调
海尔空调 海尔空调
海尔空条 海尔空调
长虹空调 长虹空调
长虹空条 长虹空调
志高空调 志高空调
志高空条 志高空调
海信空调 海信空调
海信空条 海信空调
科龙空调 科龙空调
科龙空条 科龙空调
松下空调 松下空调
松下空条 松下空调
日立空调 日立空调
日立空条 日立空调
大金空调 大金空调
大金空条 大金空调
三菱空调 三菱空调
三菱空条 三菱空调
小米空调 小米空调
小米空条 小米空调
惠而浦空调 惠而浦空调
惠而浦空条 惠而浦空调
格兰仕空调 格兰仕空调
格兰仕空条 格兰仕空调
富士通空调 富士通空调
富士通空条 富士通空调
山水空调 山水空调
山水空条 山水空调
约克空调 约克空调
约克空条 约克空调
创维空调 创维空调
创维空条 创维空调
新科空调 新科空调
新科空条 新科空调
春兰空调 春兰空调
春兰空条 春兰空调
樱花空调 樱花空调
樱花空条 樱花空调
三星空调 三星空调
三星空条 三星空调
澳柯玛空调 澳柯玛空调
澳柯玛空条 澳柯玛空调
新飞空调 新飞空调
新飞空条 新飞空调
东芝空调 东芝空调
东芝空条 东芝空调
声宝空调 声宝空调
声宝空条 声宝空调
月兔空调 月兔空调
月兔空条 月兔空调
扬子空调 扬子空调
扬子空条 扬子空调
TCL空调 TCL空调
TCL空条 TCL空调
TCL空调 TCL空调
TCL空条 TCL空调
TC二空调 TCL空调
TC二空条 TCL空调
TC诶空调 TCL空调
TC诶空条 TCL空调
TCL空调 TCL空调
TCL空条 TCL空调
LG空调 LG空调
LG空条 LG空调
LG空调 LG空调
LG空条 LG空调
搜索空调 搜索空调
搜索空条 搜索空调
搜索品牌 搜索品牌
应付得了 应付得了#
2023年 01月 13日 星期五 10:42:12 CST end
